android/app/build/intermediates/manifest_merge_blame_file/release/manifest-merger-blame-release-report.txt
1<?xml version="1.0" encoding="utf-8"?>
2<manifest xmlns:android="http://schemas.android.com/apk/res/android"
3    package="com.prtnr.app"
4    android:versionCode="1"
5    android:versionName=" 0.1.13" >
6
7    <uses-sdk
8        android:minSdkVersion="21"
8-->src\main\AndroidManifest.xml
9        android:targetSdkVersion="33" />
9-->src\main\AndroidManifest.xml
10
11    <uses-permission android:name="android.permission.CAMERA" />
11-->src\main\AndroidManifest.xml:2:5-64
11-->src\main\AndroidManifest.xml:2:22-62
12    <uses-permission android:name="android.permission.WRITE_EXTERNAL_STORAGE" />
12-->src\main\AndroidManifest.xml:3:5-80
12-->src\main\AndroidManifest.xml:3:22-78
13    <uses-permission android:name="android.permission.INTERNET" />
13-->src\main\AndroidManifest.xml:4:5-67
13-->src\main\AndroidManifest.xml:4:22-64
14    <uses-permission android:name="android.permission.READ_CONTACTS" />
14-->src\main\AndroidManifest.xml:5:5-71
14-->src\main\AndroidManifest.xml:5:22-69
15    <uses-permission android:name="android.permission.READ_EXTERNAL_STORAGE" />
15-->src\main\AndroidManifest.xml:6:6-80
15-->src\main\AndroidManifest.xml:6:23-78
16    <uses-permission android:name="android.permission.READ_MEDIA_IMAGES" />
16-->src\main\AndroidManifest.xml:7:7-77
16-->src\main\AndroidManifest.xml:7:24-75
17    <uses-permission android:name="android.permission.READ_SMS" />
17-->src\main\AndroidManifest.xml:8:5-67
17-->src\main\AndroidManifest.xml:8:22-64
18    <uses-permission android:name="android.permission.WAKE_LOCK" />
18-->[:react-native-firebase_dynamic-links] AndroidManifest.xml:10:5-68
18-->[:react-native-firebase_dynamic-links] AndroidManifest.xml:10:22-65
19    <uses-permission android:name="android.permission.ACCESS_NETWORK_STATE" />
19-->[:react-native-firebase_dynamic-links] AndroidManifest.xml:11:5-79
19-->[:react-native-firebase_dynamic-links] AndroidManifest.xml:11:22-76
20    <uses-permission android:name="android.permission.USE_BIOMETRIC" />
20-->[:react-native-biometrics] AndroidManifest.xml:9:5-72
20-->[:react-native-biometrics] AndroidManifest.xml:9:22-69
21    <uses-permission android:name="android.permission.USE_FINGERPRINT" />
21-->[:react-native-biometrics] AndroidManifest.xml:10:5-74
21-->[:react-native-biometrics] AndroidManifest.xml:10:22-71
22
23    <application
23-->src\main\AndroidManifest.xml:11:5-31:19
24        android:name="com.prtnr.app.MainApplication"
24-->src\main\AndroidManifest.xml:12:7-38
25        android:allowBackup="false"
25-->src\main\AndroidManifest.xml:16:7-34
26        android:appComponentFactory="androidx.core.app.CoreComponentFactory"
26-->[androidx.core:core:1.7.0] AndroidManifest.xml:24:18-86
27        android:icon="@mipmap/ic_launcher"
27-->src\main\AndroidManifest.xml:14:7-41
28        android:label="@string/app_name"
28-->src\main\AndroidManifest.xml:13:7-39
29        android:roundIcon="@mipmap/ic_launcher_round"
29-->src\main\AndroidManifest.xml:15:7-52
30        android:theme="@style/AppTheme" >
30-->src\main\AndroidManifest.xml:17:7-38
31        <activity
31-->src\main\AndroidManifest.xml:18:7-30:18
32            android:name="com.prtnr.app.MainActivity"
32-->src\main\AndroidManifest.xml:19:9-37
33            android:configChanges="keyboard|keyboardHidden|orientation|screenLayout|screenSize|smallestScreenSize|uiMode"
33-->src\main\AndroidManifest.xml:21:9-118
34            android:exported="true"
34-->src\main\AndroidManifest.xml:24:9-32
35            android:label="@string/app_name"
35-->src\main\AndroidManifest.xml:20:9-41
36            android:launchMode="singleTask"
36-->src\main\AndroidManifest.xml:22:9-40
37            android:screenOrientation="portrait"
37-->src\main\AndroidManifest.xml:25:9-45
38            android:windowSoftInputMode="adjustPan" >
38-->src\main\AndroidManifest.xml:23:9-48
39            <intent-filter>
39-->src\main\AndroidManifest.xml:26:9-29:25
40                <action android:name="android.intent.action.MAIN" />
40-->src\main\AndroidManifest.xml:27:13-65
40-->src\main\AndroidManifest.xml:27:21-62
41
42                <category android:name="android.intent.category.LAUNCHER" />
42-->src\main\AndroidManifest.xml:28:13-73
42-->src\main\AndroidManifest.xml:28:23-70
43            </intent-filter>
44        </activity>
45
46        <meta-data
46-->[:react-native-firebase_app] AndroidManifest.xml:11:9-13:36
47            android:name="app_data_collection_default_enabled"
47-->[:react-native-firebase_app] AndroidManifest.xml:12:13-63
48            android:value="true" />
48-->[:react-native-firebase_app] AndroidManifest.xml:13:13-33
49
50        <service
50-->[:react-native-firebase_app] AndroidManifest.xml:15:9-23:19
51            android:name="com.google.firebase.components.ComponentDiscoveryService"
51-->[:react-native-firebase_app] AndroidManifest.xml:16:13-84
52            android:directBootAware="true"
52-->[:react-native-firebase_app] AndroidManifest.xml:17:13-43
53            android:exported="false" >
53-->[:react-native-firebase_app] AndroidManifest.xml:18:13-37
54            <meta-data
54-->[:react-native-firebase_app] AndroidManifest.xml:20:13-22:85
55                android:name="com.google.firebase.components:io.invertase.firebase.app.ReactNativeFirebaseAppRegistrar"
55-->[:react-native-firebase_app] AndroidManifest.xml:21:17-120
56                android:value="com.google.firebase.components.ComponentRegistrar" />
56-->[:react-native-firebase_app] AndroidManifest.xml:22:17-82
57            <meta-data
57-->[com.google.firebase:firebase-dynamic-links:21.1.0] AndroidManifest.xml:26:13-28:85
58                android:name="com.google.firebase.components:com.google.firebase.dynamiclinks.internal.FirebaseDynamicLinkRegistrar"
58-->[com.google.firebase:firebase-dynamic-links:21.1.0] AndroidManifest.xml:27:17-133
59                android:value="com.google.firebase.components.ComponentRegistrar" />
59-->[com.google.firebase:firebase-dynamic-links:21.1.0] AndroidManifest.xml:28:17-82
60        </service>
61
62        <provider
62-->[:react-native-firebase_app] AndroidManifest.xml:25:9-29:38
63            android:name="io.invertase.firebase.app.ReactNativeFirebaseAppInitProvider"
63-->[:react-native-firebase_app] AndroidManifest.xml:26:13-88
64            android:authorities="com.prtnr.app.reactnativefirebaseappinitprovider"
64-->[:react-native-firebase_app] AndroidManifest.xml:27:13-86
65            android:exported="false"
65-->[:react-native-firebase_app] AndroidManifest.xml:28:13-37
66            android:initOrder="99" />
66-->[:react-native-firebase_app] AndroidManifest.xml:29:13-35
67        <provider
67-->[:react-native-image-picker] AndroidManifest.xml:10:9-18:20
68            android:name="com.imagepicker.ImagePickerProvider"
68-->[:react-native-image-picker] AndroidManifest.xml:11:13-63
69            android:authorities="com.prtnr.app.imagepickerprovider"
69-->[:react-native-image-picker] AndroidManifest.xml:12:13-71
70            android:exported="false"
70-->[:react-native-image-picker] AndroidManifest.xml:13:13-37
71            android:grantUriPermissions="true" >
71-->[:react-native-image-picker] AndroidManifest.xml:14:13-47
72            <meta-data
72-->[:react-native-image-picker] AndroidManifest.xml:15:13-17:70
73                android:name="android.support.FILE_PROVIDER_PATHS"
73-->[:react-native-image-picker] AndroidManifest.xml:16:17-67
74                android:resource="@xml/imagepicker_provider_paths" />
74-->[:react-native-image-picker] AndroidManifest.xml:17:17-67
75        </provider>
76
77        <activity
77-->[com.google.android.gms:play-services-auth:20.3.0] AndroidManifest.xml:23:9-27:75
78            android:name="com.google.android.gms.auth.api.signin.internal.SignInHubActivity"
78-->[com.google.android.gms:play-services-auth:20.3.0] AndroidManifest.xml:24:13-93
79            android:excludeFromRecents="true"
79-->[com.google.android.gms:play-services-auth:20.3.0] AndroidManifest.xml:25:13-46
80            android:exported="false"
80-->[com.google.android.gms:play-services-auth:20.3.0] AndroidManifest.xml:26:13-37
81            android:theme="@android:style/Theme.Translucent.NoTitleBar" />
81-->[com.google.android.gms:play-services-auth:20.3.0] AndroidManifest.xml:27:13-72
82        <!--
83            Service handling Google Sign-In user revocation. For apps that do not integrate with
84            Google Sign-In, this service will never be started.
85        -->
86        <service
86-->[com.google.android.gms:play-services-auth:20.3.0] AndroidManifest.xml:33:9-37:51
87            android:name="com.google.android.gms.auth.api.signin.RevocationBoundService"
87-->[com.google.android.gms:play-services-auth:20.3.0] AndroidManifest.xml:34:13-89
88            android:exported="true"
88-->[com.google.android.gms:play-services-auth:20.3.0] AndroidManifest.xml:35:13-36
89            android:permission="com.google.android.gms.auth.api.signin.permission.REVOCATION_NOTIFICATION"
89-->[com.google.android.gms:play-services-auth:20.3.0] AndroidManifest.xml:36:13-107
90            android:visibleToInstantApps="true" />
90-->[com.google.android.gms:play-services-auth:20.3.0] AndroidManifest.xml:37:13-48
91
92        <meta-data
92-->[com.github.bumptech.glide:okhttp3-integration:4.12.0] AndroidManifest.xml:11:9-13:43
93            android:name="com.bumptech.glide.integration.okhttp3.OkHttpGlideModule"
93-->[com.github.bumptech.glide:okhttp3-integration:4.12.0] AndroidManifest.xml:12:13-84
94            android:value="GlideModule" />
94-->[com.github.bumptech.glide:okhttp3-integration:4.12.0] AndroidManifest.xml:13:13-40
95
96        <activity
96-->[com.google.android.gms:play-services-base:18.0.1] AndroidManifest.xml:20:9-22:45
97            android:name="com.google.android.gms.common.api.GoogleApiActivity"
97-->[com.google.android.gms:play-services-base:18.0.1] AndroidManifest.xml:20:19-85
98            android:exported="false"
98-->[com.google.android.gms:play-services-base:18.0.1] AndroidManifest.xml:22:19-43
99            android:theme="@android:style/Theme.Translucent.NoTitleBar" />
99-->[com.google.android.gms:play-services-base:18.0.1] AndroidManifest.xml:21:19-78
100
101        <provider
101-->[com.google.firebase:firebase-common:20.3.2] AndroidManifest.xml:25:9-30:39
102            android:name="com.google.firebase.provider.FirebaseInitProvider"
102-->[com.google.firebase:firebase-common:20.3.2] AndroidManifest.xml:26:13-77
103            android:authorities="com.prtnr.app.firebaseinitprovider"
103-->[com.google.firebase:firebase-common:20.3.2] AndroidManifest.xml:27:13-72
104            android:directBootAware="true"
104-->[com.google.firebase:firebase-common:20.3.2] AndroidManifest.xml:28:13-43
105            android:exported="false"
105-->[com.google.firebase:firebase-common:20.3.2] AndroidManifest.xml:29:13-37
106            android:initOrder="100" />
106-->[com.google.firebase:firebase-common:20.3.2] AndroidManifest.xml:30:13-36
107
108        <meta-data
108-->[com.google.android.gms:play-services-basement:18.1.0] AndroidManifest.xml:21:9-23:69
109            android:name="com.google.android.gms.version"
109-->[com.google.android.gms:play-services-basement:18.1.0] AndroidManifest.xml:22:13-58
110            android:value="@integer/google_play_services_version" />
110-->[com.google.android.gms:play-services-basement:18.1.0] AndroidManifest.xml:23:13-66
111
112        <provider
112-->[androidx.emoji2:emoji2:1.0.0] AndroidManifest.xml:26:9-34:20
113            android:name="androidx.startup.InitializationProvider"
113-->[androidx.emoji2:emoji2:1.0.0] AndroidManifest.xml:27:13-67
114            android:authorities="com.prtnr.app.androidx-startup"
114-->[androidx.emoji2:emoji2:1.0.0] AndroidManifest.xml:28:13-68
115            android:exported="false" >
115-->[androidx.emoji2:emoji2:1.0.0] AndroidManifest.xml:29:13-37
116            <meta-data
116-->[androidx.emoji2:emoji2:1.0.0] AndroidManifest.xml:31:13-33:52
117                android:name="androidx.emoji2.text.EmojiCompatInitializer"
117-->[androidx.emoji2:emoji2:1.0.0] AndroidManifest.xml:32:17-75
118                android:value="androidx.startup" />
118-->[androidx.emoji2:emoji2:1.0.0] AndroidManifest.xml:33:17-49
119            <meta-data
119-->[androidx.lifecycle:lifecycle-process:2.4.0] AndroidManifest.xml:31:13-33:52
120                android:name="androidx.lifecycle.ProcessLifecycleInitializer"
120-->[androidx.lifecycle:lifecycle-process:2.4.0] AndroidManifest.xml:32:17-78
121                android:value="androidx.startup" />
121-->[androidx.lifecycle:lifecycle-process:2.4.0] AndroidManifest.xml:33:17-49
122        </provider>
123    </application>
124
125</manifest>